<?xml version="1.0" encoding="UTF-8"?>
<testsuite name="com.example.simpleCrud.provider.CrudDefaultMapTests" tests="8" skipped="0" failures="0" errors="0" timestamp="2025-03-10T21:42:29" hostname="pedro-Aspire-A515-57" time="0.017">
  <properties/>
  <testcase name="methodPutData()" classname="com.example.simpleCrud.provider.CrudDefaultMapTests" time="0.003"/>
  <testcase name="methodGetData()" classname="com.example.simpleCrud.provider.CrudDefaultMapTests" time="0.001"/>
  <testcase name="methodGetDataMustThrowException()" classname="com.example.simpleCrud.provider.CrudDefaultMapTests" time="0.001"/>
  <testcase name="mustBeInstanciable()" classname="com.example.simpleCrud.provider.CrudDefaultMapTests" time="0.001"/>
  <testcase name="methodDeleteDataMustThrowException()" classname="com.example.simpleCrud.provider.CrudDefaultMapTests" time="0.001"/>
  <testcase name="methodDeleteData()" classname="com.example.simpleCrud.provider.CrudDefaultMapTests" time="0.001"/>
  <testcase name="methodPutDataMustThrowException()" classname="com.example.simpleCrud.provider.CrudDefaultMapTests" time="0.001"/>
  <testcase name="methodResetMustBeCalled()" classname="com.example.simpleCrud.provider.CrudDefaultMapTests" time="0.001"/>
  <system-out><![CDATA[2025-03-10T18:42:29.747-03:00  INFO 31119 --- [GeneticAlgorithmDocker] [    Test worker] t.c.s.AnnotationConfigContextLoaderUtils : Could not detect default configuration classes for test class [com.example.simpleCrud.provider.CrudDefaultMapTests]: CrudDefaultMapTests does not declare any static, non-private, non-final, nested classes annotated with @Configuration.
2025-03-10T18:42:29.748-03:00  INFO 31119 --- [GeneticAlgorithmDocker] [    Test worker] .b.t.c.SpringBootTestContextBootstrapper : Found @SpringBootConfiguration com.example.simpleCrud.SimpleCrudApplication for test class com.example.simpleCrud.provider.CrudDefaultMapTests
]]></system-out>
  <system-err><![CDATA[]]></system-err>
</testsuite>
