<?xml version="1.0" encoding="UTF-8"?>
<testsuite name="com.example.simpleCrud.SimpleCrudApplicationTests" tests="1" skipped="0" failures="0" errors="0" timestamp="2025-03-10T21:42:29" hostname="pedro-Aspire-A515-57" time="0.473">
  <properties/>
  <testcase name="contextLoads()" classname="com.example.simpleCrud.SimpleCrudApplicationTests" time="0.473"/>
  <system-out><![CDATA[18:42:28.305 [Test worker] INFO org.springframework.test.context.support.AnnotationConfigContextLoaderUtils -- Could not detect default configuration classes for test class [com.example.simpleCrud.SimpleCrudApplicationTests]: SimpleCrudApplicationTests does not declare any static, non-private, non-final, nested classes annotated with @Configuration.
18:42:28.371 [Test worker] INFO org.springframework.boot.test.context.SpringBootTestContextBootstrapper -- Found @SpringBootConfiguration com.example.simpleCrud.SimpleCrudApplication for test class com.example.simpleCrud.SimpleCrudApplicationTests

  .   ____          _            __ _ _
 /\\ / ___'_ __ _ _(_)_ __  __ _ \ \ \ \
( ( )\___ | '_ | '_| | '_ \/ _` | \ \ \ \
 \\/  ___)| |_)| | | | | || (_| |  ) ) ) )
  '  |____| .__|_| |_|_| |_\__, | / / / /
 =========|_|==============|___/=/_/_/_/

 :: Spring Boot ::                (v3.4.3)

2025-03-10T18:42:28.575-03:00  INFO 31119 --- [GeneticAlgorithmDocker] [    Test worker] c.e.s.SimpleCrudApplicationTests         : Starting SimpleCrudApplicationTests using Java 23 with PID 31119 (started by pedro in /home/pedro/Área de Trabalho/SimpleCrudSpringBoot)
2025-03-10T18:42:28.576-03:00  INFO 31119 --- [GeneticAlgorithmDocker] [    Test worker] c.e.s.SimpleCrudApplicationTests         : No active profile set, falling back to 1 default profile: "default"
2025-03-10T18:42:29.177-03:00  INFO 31119 --- [GeneticAlgorithmDocker] [    Test worker] c.e.s.SimpleCrudApplicationTests         : Started SimpleCrudApplicationTests in 0.734 seconds (process running for 1.335)
]]></system-out>
  <system-err><![CDATA[Mockito is currently self-attaching to enable the inline-mock-maker. This will no longer work in future releases of the JDK. Please add Mockito as an agent to your build what is described in Mockito's documentation: https://javadoc.io/doc/org.mockito/mockito-core/latest/org/mockito/Mockito.html#0.3
WARNING: A Java agent has been loaded dynamically (/home/pedro/.gradle/caches/modules-2/files-2.1/net.bytebuddy/byte-buddy-agent/1.15.11/a38b16385e867f59a641330f0362ebe742788ed8/byte-buddy-agent-1.15.11.jar)
WARNING: If a serviceability tool is in use, please run with -XX:+EnableDynamicAgentLoading to hide this warning
WARNING: If a serviceability tool is not in use, please run with -Djdk.instrument.traceUsage for more information
WARNING: Dynamic loading of agents will be disallowed by default in a future release
]]></system-err>
</testsuite>
