<?xml version="1.0" encoding="UTF-8"?>
<testsuite name="com.example.simpleCrud.provider.ClientDeserializationTests" tests="3" skipped="0" failures="0" errors="0" timestamp="2025-03-10T21:42:29" hostname="pedro-Aspire-A515-57" time="0.008">
  <properties/>
  <testcase name="mustBeInstanciable()" classname="com.example.simpleCrud.provider.ClientDeserializationTests" time="0.002"/>
  <testcase name="methodDeserializeMustBeCalled()" classname="com.example.simpleCrud.provider.ClientDeserializationTests" time="0.004"/>
  <testcase name="methodDeserializeMustThrowException()" classname="com.example.simpleCrud.provider.ClientDeserializationTests" time="0.001"/>
  <system-out><![CDATA[2025-03-10T18:42:29.730-03:00  INFO 31119 --- [GeneticAlgorithmDocker] [    Test worker] t.c.s.AnnotationConfigContextLoaderUtils : Could not detect default configuration classes for test class [com.example.simpleCrud.provider.ClientDeserializationTests]: ClientDeserializationTests does not declare any static, non-private, non-final, nested classes annotated with @Configuration.
2025-03-10T18:42:29.734-03:00  INFO 31119 --- [GeneticAlgorithmDocker] [    Test worker] .b.t.c.SpringBootTestContextBootstrapper : Found @SpringBootConfiguration com.example.simpleCrud.SimpleCrudApplication for test class com.example.simpleCrud.provider.ClientDeserializationTests
]]></system-out>
  <system-err><![CDATA[]]></system-err>
</testsuite>
